<?xml version="1.0" encoding="UTF-8"?>
<testsuite xmlns:xsi="http://www.w3.org/2001/XMLSchema-instance" xsi:noNamespaceSchemaLocation="https://maven.apache.org/surefire/maven-surefire-plugin/xsd/surefire-test-report-3.0.xsd" version="3.0" name="org.lvps.service.impl.LastValuePriceServiceCancelTest" time="0.123" tests="1" errors="0" skipped="0" failures="0">
  <properties>
[...]
</properties>
  <testcase name="cancelBatch_discardStagedData" classname="org.lvps.service.impl.LastValuePriceServiceCancelTest" time="0.096">
    <system-err><![CDATA[[main] INFO org.lvps.service.impl.LastValuePricePriceServiceImpl - [Producer] Started batch 61aa3e22-309e-4eed-9278-0ca9f1fc0b0f
[main] INFO org.lvps.service.impl.LastValuePricePriceServiceImpl - [Producer] Uploaded chunk (size=1) for batch 61aa3e22-309e-4eed-9278-0ca9f1fc0b0f
[main] INFO org.lvps.service.impl.LastValuePricePriceServiceImpl - [Producer] Success: Cancelled batch 61aa3e22-309e-4eed-9278-0ca9f1fc0b0f
[main] WARN org.lvps.service.impl.LastValuePricePriceServiceImpl - [System] Warning: Attempted to complete a cancelled batch 61aa3e22-309e-4eed-9278-0ca9f1fc0b0f - ignoring (staged data discarded)
]]></system-err>
  </testcase>
</testsuite>